<?xml version="1.0" encoding="UTF-8"?>
<!-- Generated by org.testng.reporters.JUnitXMLReporter -->
<testsuite ignored="0" hostname="LAPTOP-PVH5LLQI" failures="1" tests="1" name="Test3" time="9.925" errors="0" timestamp="2023-05-25T14:03:36 IST">
  <testcase classname="com.hompepage.testCases.ValidateHomePageOptions" name="validateSearchBar" time="4.299">
    <failure type="java.lang.AssertionError" message="expected [true] but found [false]">
      <![CDATA[java.lang.AssertionError: expected [true] but found [false]
at com.hompepage.testCases.ValidateHomePageOptions.validateSearchBar(ValidateHomePageOptions.java:18)
at java.base/java.util.ArrayList.forEach(ArrayList.java:1541)
at java.base/java.util.concurrent.FutureTask.run(FutureTask.java:264)
at java.base/java.util.concurrent.ThreadPoolExecutor.runWorker(ThreadPoolExecutor.java:1128)
at java.base/java.util.concurrent.ThreadPoolExecutor$Worker.run(ThreadPoolExecutor.java:628)
at java.base/java.lang.Thread.run(Thread.java:834)
... Removed 22 stack frames]]>
    </failure>
  </testcase> <!-- validateSearchBar -->
</testsuite> <!-- Test3 -->
